Started GET "/" for ::1 at 2022-02-02 23:04:55 +0900
Processing by Rails::WelcomeController#index as HTML
  Rendering C:/Ruby26-x64/lib/ruby/gems/2.6.0/gems/railties-5.2.6/lib/rails/templates/rails/welcome/index.html.erb
  Rendered C:/Ruby26-x64/lib/ruby/gems/2.6.0/gems/railties-5.2.6/lib/rails/templates/rails/welcome/index.html.erb (4.9ms)
Completed 200 OK in 26ms (Views: 19.5ms | ActiveRecord: 0.0ms)


  [1m[35m (0.1ms)[0m  [1m[34mSELECT sqlite_version(*)[0m
  ↳ bin/rails:4
  [1m[35m (7.5ms)[0m  [1m[35mCREATE TABLE "schema_migrations" ("version" varchar NOT NULL PRIMARY KEY)[0m
  ↳ bin/rails:4
  [1m[35m (5.0ms)[0m  [1m[35mCREATE TABLE "ar_internal_metadata" ("key" varchar NOT NULL PRIMARY KEY, "value" varchar, "created_at" datetime NOT NULL, "updated_at" datetime NOT NULL)[0m
  ↳ bin/rails:4
  [1m[35m (0.3ms)[0m  [1m[34mSELECT "schema_migrations"."version" FROM "schema_migrations" ORDER BY "schema_migrations"."version" ASC[0m
  ↳ bin/rails:4
Migrating to CreateTasks (20220202143655)
  [1m[35m (0.1ms)[0m  [1m[36mbegin transaction[0m
  ↳ bin/rails:4
  [1m[35m (1.3ms)[0m  [1m[35mCREATE TABLE "tasks" ("id" integer PRIMARY KEY AUTOINCREMENT NOT NULL, "user_id" varchar, "state" text, "title" text, "limit_date" date, "created_at" datetime NOT NULL, "updated_at" datetime NOT NULL)[0m
  ↳ db/migrate/20220202143655_create_tasks.rb:3
  [1m[36mActiveRecord::SchemaMigration Create (0.3ms)[0m  [1m[32mINSERT INTO "schema_migrations" ("version") VALUES (?)[0m  [["version", "20220202143655"]]
  ↳ bin/rails:4
  [1m[35m (4.6ms)[0m  [1m[36mcommit transaction[0m
  ↳ bin/rails:4
  [1m[36mActiveRecord::InternalMetadata Load (0.3ms)[0m  [1m[34mSELECT  "ar_internal_metadata".* FROM "ar_internal_metadata" WHERE "ar_internal_metadata"."key" = ? LIMIT ?[0m  [["key", "environment"], ["LIMIT", 1]]
  ↳ bin/rails:4
  [1m[35m (0.1ms)[0m  [1m[36mbegin transaction[0m
  ↳ bin/rails:4
  [1m[36mActiveRecord::InternalMetadata Create (0.8ms)[0m  [1m[32mINSERT INTO "ar_internal_metadata" ("key", "value", "created_at", "updated_at") VALUES (?, ?, ?, ?)[0m  [["key", "environment"], ["value", "development"], ["created_at", "2022-02-02 14:37:42.390513"], ["updated_at", "2022-02-02 14:37:42.390513"]]
  ↳ bin/rails:4
  [1m[35m (3.8ms)[0m  [1m[36mcommit transaction[0m
  ↳ bin/rails:4
  [1m[35m (0.4ms)[0m  [1m[34mSELECT "schema_migrations"."version" FROM "schema_migrations" ORDER BY "schema_migrations"."version" ASC[0m
  ↳ bin/rails:4
Started GET "/" for ::1 at 2022-02-02 23:41:56 +0900
  [1m[35m (0.2ms)[0m  [1m[34mSELECT "schema_migrations"."version" FROM "schema_migrations" ORDER BY "schema_migrations"."version" ASC[0m
  ↳ C:/Ruby26-x64/lib/ruby/gems/2.6.0/gems/activerecord-5.2.6/lib/active_record/log_subscriber.rb:98
Processing by Rails::WelcomeController#index as HTML
  Rendering C:/Ruby26-x64/lib/ruby/gems/2.6.0/gems/railties-5.2.6/lib/rails/templates/rails/welcome/index.html.erb
  Rendered C:/Ruby26-x64/lib/ruby/gems/2.6.0/gems/railties-5.2.6/lib/rails/templates/rails/welcome/index.html.erb (8.2ms)
Completed 200 OK in 59ms (Views: 32.8ms | ActiveRecord: 0.0ms)


Started GET "/tasks" for ::1 at 2022-02-02 23:42:01 +0900
Processing by TasksController#index as HTML
  Rendering tasks/index.html.erb within layouts/application
  Rendered tasks/index.html.erb within layouts/application (0.2ms)
Completed 200 OK in 619ms (Views: 616.1ms | ActiveRecord: 0.0ms)


Started GET "/tasks" for 127.0.0.1 at 2022-02-03 01:22:33 +0900
  [1m[35m (0.4ms)[0m  [1m[34mSELECT "schema_migrations"."version" FROM "schema_migrations" ORDER BY "schema_migrations"."version" ASC[0m
  ↳ C:/Ruby26-x64/lib/ruby/gems/2.6.0/gems/activerecord-5.2.6/lib/active_record/log_subscriber.rb:98
Processing by TasksController#index as HTML
  Rendering tasks/index.html.erb within layouts/application
  [1m[36mTask Load (0.3ms)[0m  [1m[34mSELECT "tasks".* FROM "tasks"[0m
  ↳ app/views/tasks/index.html.erb:11
  Rendered tasks/index.html.erb within layouts/application (277.6ms)
Completed 500 Internal Server Error in 314ms (ActiveRecord: 1.2ms)


  
ActionView::Template::Error (undefined local variable or method `new_task_path' for #<#<Class:0x0000028ed507f2e0>:0x0000028ed507ce00>):
    17:     <% end %>
    18:   </tbody>
    19: </table>
    20: <%= link_to '追加', new_task_path %>
  
app/views/tasks/index.html.erb:20:in `_app_views_tasks_index_html_erb__383207183_1406241317020'
Started GET "/tasks" for ::1 at 2022-02-03 01:24:20 +0900
Processing by TasksController#index as HTML
  Rendering tasks/index.html.erb within layouts/application
  [1m[36mTask Load (0.5ms)[0m  [1m[34mSELECT "tasks".* FROM "tasks"[0m
  ↳ app/views/tasks/index.html.erb:11
  Rendered tasks/index.html.erb within layouts/application (7.2ms)
Completed 200 OK in 377ms (Views: 362.0ms | ActiveRecord: 1.5ms)


Started GET "/tasks/new" for ::1 at 2022-02-03 01:35:00 +0900
Processing by TasksController#new as HTML
  Rendering tasks/new.html.erb within layouts/application
  Rendered tasks/new.html.erb within layouts/application (348.2ms)
Completed 200 OK in 461ms (Views: 440.5ms | ActiveRecord: 1.6ms)


Started POST "/tasks" for ::1 at 2022-02-03 01:35:04 +0900
Processing by TasksController#create as HTML
  Parameters: {"utf8"=>"✓", "authenticity_token"=>"zj3pH2MCulh9EKfZtpBRVHxgTaMVaMIUXfLiDbtchMwqJpcapHxCf3bZIqwEyxgjZ9lh2GI9qPyrjYv5X9joWw==", "task"=>{"title"=>"ha"}, "commit"=>"Create Task"}
  [1m[35m (0.2ms)[0m  [1m[36mbegin transaction[0m
  ↳ app/controllers/tasks_controller.rb:14
  [1m[36mTask Create (2.5ms)[0m  [1m[32mINSERT INTO "tasks" ("title", "created_at", "updated_at") VALUES (?, ?, ?)[0m  [["title", "ha"], ["created_at", "2022-02-02 16:35:04.167268"], ["updated_at", "2022-02-02 16:35:04.167268"]]
  ↳ app/controllers/tasks_controller.rb:14
  [1m[35m (4.8ms)[0m  [1m[36mcommit transaction[0m
  ↳ app/controllers/tasks_controller.rb:14
Redirected to http://localhost:3000/tasks
Completed 302 Found in 23ms (ActiveRecord: 7.5ms)


Started GET "/tasks" for ::1 at 2022-02-03 01:35:04 +0900
Processing by TasksController#index as HTML
  Rendering tasks/index.html.erb within layouts/application
  [1m[36mTask Load (0.3ms)[0m  [1m[34mSELECT "tasks".* FROM "tasks"[0m
  ↳ app/views/tasks/index.html.erb:11
  Rendered tasks/index.html.erb within layouts/application (20.7ms)
Completed 200 OK in 109ms (Views: 102.7ms | ActiveRecord: 0.3ms)


Started GET "/tasks/1/edit" for ::1 at 2022-02-03 01:35:06 +0900
Processing by TasksController#edit as HTML
  Parameters: {"id"=>"1"}
  Rendering tasks/edit.html.erb within layouts/application
  Rendered tasks/edit.html.erb within layouts/application (10.9ms)
Completed 500 Internal Server Error in 32ms (ActiveRecord: 0.0ms)


  
ActionView::Template::Error (First argument in form cannot contain nil or be empty):
    1: 
    2: <h1>タスク編集</h1>
    3: <%= form_for(@task) do |f| %>
    4:   <div><%= f.label :title %></div>
    5:   <div><%= f.text_field :title %></div>
    6:   <div><%= f.submit %></div>
  
app/views/tasks/edit.html.erb:3:in `_app_views_tasks_edit_html_erb__124141916_1406262876680'
Started GET "/tasks/1/edit" for ::1 at 2022-02-03 01:50:35 +0900
Processing by TasksController#edit as HTML
  Parameters: {"id"=>"1"}
  [1m[36mTask Load (0.8ms)[0m  [1m[34mSELECT  "tasks".* FROM "tasks" WHERE "tasks"."id" = ? LIMIT ?[0m  [["id", 1], ["LIMIT", 1]]
  ↳ app/controllers/tasks_controller.rb:16
  Rendering tasks/edit.html.erb within layouts/application
  Rendered tasks/edit.html.erb within layouts/application (4.3ms)
Completed 200 OK in 126ms (Views: 78.3ms | ActiveRecord: 4.3ms)


Started PATCH "/tasks/1" for ::1 at 2022-02-03 01:50:38 +0900
Processing by TasksController#update as HTML
  Parameters: {"utf8"=>"✓", "authenticity_token"=>"dqugZ4lmStDZtqvIUguvQHdOisTZ/eZBiSFm7gz52SWl5SrD3L5q1rALHBjObGUGQRNsNPSLcF+AzrZBsdPgEA==", "task"=>{"title"=>"ha"}, "commit"=>"Update Task", "id"=>"1"}
  [1m[36mTask Load (1.2ms)[0m  [1m[34mSELECT  "tasks".* FROM "tasks" WHERE "tasks"."id" = ? LIMIT ?[0m  [["id", 1], ["LIMIT", 1]]
  ↳ app/controllers/tasks_controller.rb:20
  [1m[35m (0.2ms)[0m  [1m[36mbegin transaction[0m
  ↳ app/controllers/tasks_controller.rb:21
  [1m[35m (0.2ms)[0m  [1m[36mcommit transaction[0m
  ↳ app/controllers/tasks_controller.rb:21
Redirected to http://localhost:3000/tasks
Completed 302 Found in 48ms (ActiveRecord: 1.6ms)


Started GET "/tasks" for ::1 at 2022-02-03 01:50:38 +0900
Processing by TasksController#index as HTML
  Rendering tasks/index.html.erb within layouts/application
  [1m[36mTask Load (0.5ms)[0m  [1m[34mSELECT "tasks".* FROM "tasks"[0m
  ↳ app/views/tasks/index.html.erb:11
  Rendered tasks/index.html.erb within layouts/application (9.6ms)
Completed 200 OK in 184ms (Views: 177.1ms | ActiveRecord: 0.5ms)


Started GET "/tasks/1/edit" for ::1 at 2022-02-03 01:50:40 +0900
Processing by TasksController#edit as HTML
  Parameters: {"id"=>"1"}
  [1m[36mTask Load (0.4ms)[0m  [1m[34mSELECT  "tasks".* FROM "tasks" WHERE "tasks"."id" = ? LIMIT ?[0m  [["id", 1], ["LIMIT", 1]]
  ↳ app/controllers/tasks_controller.rb:16
  Rendering tasks/edit.html.erb within layouts/application
  Rendered tasks/edit.html.erb within layouts/application (2.9ms)
Completed 200 OK in 142ms (Views: 130.0ms | ActiveRecord: 0.4ms)


Started PATCH "/tasks/1" for ::1 at 2022-02-03 01:50:42 +0900
Processing by TasksController#update as HTML
  Parameters: {"utf8"=>"✓", "authenticity_token"=>"GHHlZnwON+tCqv68KFF/8nCULI9DEfe5m4jJojkdWdWFMJgybkBAEEGIquvs4Hl39Sqe3bSNy3y2lUFDeZKVYQ==", "task"=>{"title"=>"ha"}, "commit"=>"Update Task", "id"=>"1"}
  [1m[36mTask Load (0.4ms)[0m  [1m[34mSELECT  "tasks".* FROM "tasks" WHERE "tasks"."id" = ? LIMIT ?[0m  [["id", 1], ["LIMIT", 1]]
  ↳ app/controllers/tasks_controller.rb:20
  [1m[35m (0.1ms)[0m  [1m[36mbegin transaction[0m
  ↳ app/controllers/tasks_controller.rb:21
  [1m[35m (0.1ms)[0m  [1m[36mcommit transaction[0m
  ↳ app/controllers/tasks_controller.rb:21
Redirected to http://localhost:3000/tasks
Completed 302 Found in 18ms (ActiveRecord: 0.7ms)


Started GET "/tasks" for ::1 at 2022-02-03 01:50:42 +0900
Processing by TasksController#index as HTML
  Rendering tasks/index.html.erb within layouts/application
  [1m[36mTask Load (0.4ms)[0m  [1m[34mSELECT "tasks".* FROM "tasks"[0m
  ↳ app/views/tasks/index.html.erb:11
  Rendered tasks/index.html.erb within layouts/application (6.1ms)
Completed 200 OK in 122ms (Views: 115.3ms | ActiveRecord: 0.4ms)


Started GET "/tasks" for 127.0.0.1 at 2022-02-03 02:03:35 +0900
  [1m[35m (0.2ms)[0m  [1m[34mSELECT "schema_migrations"."version" FROM "schema_migrations" ORDER BY "schema_migrations"."version" ASC[0m
  ↳ C:/Ruby26-x64/lib/ruby/gems/2.6.0/gems/activerecord-5.2.6/lib/active_record/log_subscriber.rb:98
Processing by TasksController#index as HTML
  Rendering tasks/index.html.erb within layouts/application
  [1m[36mTask Load (0.3ms)[0m  [1m[34mSELECT "tasks".* FROM "tasks"[0m
  ↳ app/views/tasks/index.html.erb:11
  Rendered tasks/index.html.erb within layouts/application (14.1ms)
Completed 200 OK in 302ms (Views: 286.8ms | ActiveRecord: 1.6ms)


Started GET "/tasks" for ::1 at 2022-02-03 02:25:04 +0900
Processing by TasksController#index as HTML
  Rendering tasks/index.html.erb within layouts/application
  [1m[36mTask Load (0.3ms)[0m  [1m[34mSELECT "tasks".* FROM "tasks"[0m
  ↳ app/views/tasks/index.html.erb:11
  Rendered tasks/index.html.erb within layouts/application (5.5ms)
Completed 200 OK in 103ms (Views: 98.8ms | ActiveRecord: 0.3ms)


Started GET "/tasks/new" for ::1 at 2022-02-03 02:25:07 +0900
Processing by TasksController#new as HTML
  Rendering tasks/new.html.erb within layouts/application
  Rendered tasks/new.html.erb within layouts/application (257.4ms)
Completed 500 Internal Server Error in 278ms (ActiveRecord: 0.0ms)


  
ActionView::Template::Error (undefined method `data_select' for #<ActionView::Helpers::FormBuilder:0x000001f32c1ec140>
Did you mean?  date_select):
    3:   <div><%= f.label :title %></div>
    4:   <div><%= f.text_field :title %></div>
    5:   <div><%= f.label :limit_date %></div>
    6:   <div><%= f.data_select :limit_date %></div>
    7:   <div><%= f.submit %></div>
    8: <% end %>
    9: <%= link_to '戻る', tasks_path %>
  
app/views/tasks/new.html.erb:6:in `block in _app_views_tasks_new_html_erb__772653265_1071981725180'
app/views/tasks/new.html.erb:2:in `_app_views_tasks_new_html_erb__772653265_1071981725180'
Started GET "/tasks/new" for ::1 at 2022-02-03 02:25:27 +0900
Processing by TasksController#new as HTML
  Rendering tasks/new.html.erb within layouts/application
  Rendered tasks/new.html.erb within layouts/application (64.7ms)
Completed 200 OK in 192ms (Views: 184.8ms | ActiveRecord: 0.0ms)


Started POST "/tasks" for ::1 at 2022-02-03 02:25:30 +0900
Processing by TasksController#create as HTML
  Parameters: {"utf8"=>"✓", "authenticity_token"=>"mc4lcFfOjnuaKHTShP8zIAgBchm0UMIpCSOsMOxCipRKgK/UAhauffOVwwIYmPlmPlyU6ZkmVDcAzHyfUWizoQ==", "task"=>{"title"=>"", "limit_date(1i)"=>"2022", "limit_date(2i)"=>"2", "limit_date(3i)"=>"2"}, "commit"=>"Create Task"}
Unpermitted parameters: :limit_date(1i), :limit_date(2i), :limit_date(3i)
  [1m[35m (0.4ms)[0m  [1m[36mbegin transaction[0m
  ↳ app/controllers/tasks_controller.rb:11
  [1m[36mTask Create (5.1ms)[0m  [1m[32mINSERT INTO "tasks" ("title", "created_at", "updated_at") VALUES (?, ?, ?)[0m  [["title", ""], ["created_at", "2022-02-02 17:25:31.023153"], ["updated_at", "2022-02-02 17:25:31.023153"]]
  ↳ app/controllers/tasks_controller.rb:11
  [1m[35m (54.4ms)[0m  [1m[36mcommit transaction[0m
  ↳ app/controllers/tasks_controller.rb:11
Redirected to http://localhost:3000/tasks
Completed 302 Found in 114ms (ActiveRecord: 59.9ms)


Started GET "/tasks" for ::1 at 2022-02-03 02:25:31 +0900
Processing by TasksController#index as HTML
  Rendering tasks/index.html.erb within layouts/application
  [1m[36mTask Load (0.3ms)[0m  [1m[34mSELECT "tasks".* FROM "tasks"[0m
  ↳ app/views/tasks/index.html.erb:11
  Rendered tasks/index.html.erb within layouts/application (3.7ms)
Completed 200 OK in 61ms (Views: 57.1ms | ActiveRecord: 0.3ms)


Started GET "/tasks" for ::1 at 2022-02-03 02:26:01 +0900
Processing by TasksController#index as HTML
  Rendering tasks/index.html.erb within layouts/application
  [1m[36mTask Load (0.5ms)[0m  [1m[34mSELECT "tasks".* FROM "tasks"[0m
  ↳ app/views/tasks/index.html.erb:11
  Rendered tasks/index.html.erb within layouts/application (8.7ms)
Completed 200 OK in 144ms (Views: 138.5ms | ActiveRecord: 0.5ms)


  [1m[36mTask Load (0.9ms)[0m  [1m[34mSELECT  "tasks".* FROM "tasks" LIMIT ?[0m  [["LIMIT", 11]]
Started DELETE "/tasks/1" for ::1 at 2022-02-03 02:29:41 +0900
  [1m[35m (0.6ms)[0m  [1m[34mSELECT "schema_migrations"."version" FROM "schema_migrations" ORDER BY "schema_migrations"."version" ASC[0m
  ↳ C:/Ruby26-x64/lib/ruby/gems/2.6.0/gems/activerecord-5.2.6/lib/active_record/log_subscriber.rb:98
Processing by TasksController#destroy as HTML
  Parameters: {"authenticity_token"=>"E+qQXQNbo8MtUdBu+2kcFV+WW/Bcv0XzTwHTwMp+VsrApBr5VoODxUTsZ75nDtZTacu9AHHJ0+1G7gNvd1Rv/w==", "id"=>"1"}
  [1m[36mTask Load (0.7ms)[0m  [1m[34mSELECT  "tasks".* FROM "tasks" WHERE "tasks"."id" = ? LIMIT ?[0m  [["id", 1], ["LIMIT", 1]]
  ↳ app/controllers/tasks_controller.rb:26
  [1m[35m (0.1ms)[0m  [1m[36mbegin transaction[0m
  ↳ app/controllers/tasks_controller.rb:27
  [1m[36mTask Destroy (2.9ms)[0m  [1m[31mDELETE FROM "tasks" WHERE "tasks"."id" = ?[0m  [["id", 1]]
  ↳ app/controllers/tasks_controller.rb:27
  [1m[35m (5.5ms)[0m  [1m[36mcommit transaction[0m
  ↳ app/controllers/tasks_controller.rb:27
Redirected to http://localhost:3000/tasks
Completed 302 Found in 73ms (ActiveRecord: 12.1ms)


Started GET "/tasks" for ::1 at 2022-02-03 02:29:41 +0900
Processing by TasksController#index as HTML
  Rendering tasks/index.html.erb within layouts/application
  [1m[36mTask Load (0.5ms)[0m  [1m[34mSELECT "tasks".* FROM "tasks"[0m
  ↳ app/views/tasks/index.html.erb:11
  Rendered tasks/index.html.erb within layouts/application (7.7ms)
Completed 200 OK in 436ms (Views: 427.5ms | ActiveRecord: 0.5ms)


Started DELETE "/tasks/2" for ::1 at 2022-02-03 02:29:44 +0900
Processing by TasksController#destroy as HTML
  Parameters: {"authenticity_token"=>"THiDNku0y34xqoKMHK/xe2ILzPja2QzTJWXNF49i03WfNgmSHmzreFgXNVyAyDs9VFYqCPevms0sih24MkjqQA==", "id"=>"2"}
  [1m[36mTask Load (0.5ms)[0m  [1m[34mSELECT  "tasks".* FROM "tasks" WHERE "tasks"."id" = ? LIMIT ?[0m  [["id", 2], ["LIMIT", 1]]
  ↳ app/controllers/tasks_controller.rb:26
  [1m[35m (0.4ms)[0m  [1m[36mbegin transaction[0m
  ↳ app/controllers/tasks_controller.rb:27
  [1m[36mTask Destroy (5.5ms)[0m  [1m[31mDELETE FROM "tasks" WHERE "tasks"."id" = ?[0m  [["id", 2]]
  ↳ app/controllers/tasks_controller.rb:27
  [1m[35m (15.2ms)[0m  [1m[36mcommit transaction[0m
  ↳ app/controllers/tasks_controller.rb:27
Redirected to http://localhost:3000/tasks
Completed 302 Found in 82ms (ActiveRecord: 21.5ms)


Started GET "/tasks" for ::1 at 2022-02-03 02:29:44 +0900
Processing by TasksController#index as HTML
  Rendering tasks/index.html.erb within layouts/application
  [1m[36mTask Load (0.3ms)[0m  [1m[34mSELECT "tasks".* FROM "tasks"[0m
  ↳ app/views/tasks/index.html.erb:11
  Rendered tasks/index.html.erb within layouts/application (5.4ms)
Completed 200 OK in 161ms (Views: 153.1ms | ActiveRecord: 0.3ms)


Started GET "/tasks/new" for ::1 at 2022-02-03 02:29:46 +0900
Processing by TasksController#new as HTML
  Rendering tasks/new.html.erb within layouts/application
  Rendered tasks/new.html.erb within layouts/application (46.1ms)
Completed 200 OK in 200ms (Views: 193.2ms | ActiveRecord: 0.0ms)


Started POST "/tasks" for ::1 at 2022-02-03 02:30:09 +0900
Processing by TasksController#create as HTML
  Parameters: {"utf8"=>"✓", "authenticity_token"=>"8Z/RF/JVHT3tyQwfm3xGVZRF95BeSZFU+KRREc2lGCsVhK8SNSvlGuYAiWopJw8ij/zb6ykc+7wO2zjlKSF0vA==", "task"=>{"title"=>"勉強", "limit_date(1i)"=>"2022", "limit_date(2i)"=>"2", "limit_date(3i)"=>"2"}, "commit"=>"Create Task"}
Unpermitted parameters: :limit_date(1i), :limit_date(2i), :limit_date(3i)
  [1m[35m (0.2ms)[0m  [1m[36mbegin transaction[0m
  ↳ app/controllers/tasks_controller.rb:11
  [1m[36mTask Create (4.5ms)[0m  [1m[32mINSERT INTO "tasks" ("title", "created_at", "updated_at") VALUES (?, ?, ?)[0m  [["title", "勉強"], ["created_at", "2022-02-02 17:30:09.336304"], ["updated_at", "2022-02-02 17:30:09.336304"]]
  ↳ app/controllers/tasks_controller.rb:11
  [1m[35m (14.6ms)[0m  [1m[36mcommit transaction[0m
  ↳ app/controllers/tasks_controller.rb:11
Redirected to http://localhost:3000/tasks
Completed 302 Found in 97ms (ActiveRecord: 19.4ms)


Started GET "/tasks" for ::1 at 2022-02-03 02:30:09 +0900
Processing by TasksController#index as HTML
  Rendering tasks/index.html.erb within layouts/application
  [1m[36mTask Load (0.3ms)[0m  [1m[34mSELECT "tasks".* FROM "tasks"[0m
  ↳ app/views/tasks/index.html.erb:11
  Rendered tasks/index.html.erb within layouts/application (3.5ms)
Completed 200 OK in 75ms (Views: 70.3ms | ActiveRecord: 0.3ms)


  [1m[36mTask Load (0.8ms)[0m  [1m[34mSELECT  "tasks".* FROM "tasks" LIMIT ?[0m  [["LIMIT", 11]]
Started GET "/tasks" for ::1 at 2022-02-03 02:36:36 +0900
Processing by TasksController#index as HTML
  Rendering tasks/index.html.erb within layouts/application
  [1m[36mTask Load (0.5ms)[0m  [1m[34mSELECT "tasks".* FROM "tasks"[0m
  ↳ app/views/tasks/index.html.erb:11
  Rendered tasks/index.html.erb within layouts/application (15.0ms)
Completed 200 OK in 97ms (Views: 84.3ms | ActiveRecord: 2.1ms)


Started GET "/tasks/new" for ::1 at 2022-02-03 02:36:38 +0900
Processing by TasksController#new as HTML
  Rendering tasks/new.html.erb within layouts/application
  Rendered tasks/new.html.erb within layouts/application (3.3ms)
Completed 200 OK in 73ms (Views: 67.0ms | ActiveRecord: 0.0ms)


Started POST "/tasks" for ::1 at 2022-02-03 02:36:39 +0900
Processing by TasksController#create as HTML
  Parameters: {"utf8"=>"✓", "authenticity_token"=>"bPWaN6hvdAp54X5oiW7rfLdE11Kv8oghUqMWTxJEKcaI7uQybxGMLXIo+x07NaILrP37Kdin4smk3H+79sBFUQ==", "task"=>{"title"=>"", "limit_date(1i)"=>"2022", "limit_date(2i)"=>"2", "limit_date(3i)"=>"2"}, "commit"=>"Create Task"}
Unpermitted parameters: :limit_date(1i), :limit_date(2i), :limit_date(3i)
  [1m[35m (0.1ms)[0m  [1m[36mbegin transaction[0m
  ↳ app/controllers/tasks_controller.rb:11
  [1m[36mTask Create (2.3ms)[0m  [1m[32mINSERT INTO "tasks" ("title", "created_at", "updated_at") VALUES (?, ?, ?)[0m  [["title", ""], ["created_at", "2022-02-02 17:36:40.142096"], ["updated_at", "2022-02-02 17:36:40.142096"]]
  ↳ app/controllers/tasks_controller.rb:11
  [1m[35m (6.8ms)[0m  [1m[36mcommit transaction[0m
  ↳ app/controllers/tasks_controller.rb:11
Completed 500 Internal Server Error in 292ms (ActiveRecord: 9.2ms)


  
NameError (undefined local variable or method `tasks_params' for #<TasksController:0x000001d614434068>
Did you mean?  task_params):
  
app/controllers/tasks_controller.rb:12:in `create'
Started GET "/tasks/new" for ::1 at 2022-02-03 02:43:44 +0900
Processing by TasksController#new as HTML
  Rendering tasks/new.html.erb within layouts/application
  Rendered tasks/new.html.erb within layouts/application (9.0ms)
Completed 200 OK in 133ms (Views: 86.1ms | ActiveRecord: 4.3ms)


Started POST "/tasks" for ::1 at 2022-02-03 02:43:47 +0900
Processing by TasksController#create as HTML
  Parameters: {"utf8"=>"✓", "authenticity_token"=>"zENmPkSIQLVdOZPykh8xYbNXOSOwt8HJbwPJBefIxH8fDeyaEVBgszSEJCIOePsnhQrf053BV9dm7BmqWuL9Sg==", "task"=>{"title"=>"", "limit_date(1i)"=>"2022", "limit_date(2i)"=>"2", "limit_date(3i)"=>"2"}, "commit"=>"Create Task"}
  [1m[35m (0.2ms)[0m  [1m[36mbegin transaction[0m
  ↳ app/controllers/tasks_controller.rb:12
  [1m[36mTask Create (4.8ms)[0m  [1m[32mINSERT INTO "tasks" ("created_at", "updated_at") VALUES (?, ?)[0m  [["created_at", "2022-02-02 17:43:48.150609"], ["updated_at", "2022-02-02 17:43:48.150609"]]
  ↳ app/controllers/tasks_controller.rb:12
  [1m[35m (44.6ms)[0m  [1m[36mcommit transaction[0m
  ↳ app/controllers/tasks_controller.rb:12
Redirected to http://localhost:3000/tasks
Completed 302 Found in 101ms (ActiveRecord: 49.6ms)


Started GET "/tasks" for ::1 at 2022-02-03 02:43:48 +0900
Processing by TasksController#index as HTML
  Rendering tasks/index.html.erb within layouts/application
  [1m[36mTask Load (0.4ms)[0m  [1m[34mSELECT "tasks".* FROM "tasks"[0m
  ↳ app/views/tasks/index.html.erb:11
  Rendered tasks/index.html.erb within layouts/application (5.8ms)
Completed 200 OK in 89ms (Views: 84.8ms | ActiveRecord: 0.4ms)


Started DELETE "/tasks/5" for ::1 at 2022-02-03 02:43:50 +0900
Processing by TasksController#destroy as HTML
  Parameters: {"authenticity_token"=>"4I4S/i+ZskNejTiYtIiIOgyKRWv9RAaXeNaaigRulIIzwJhaekGSRTcwj0go70J8Otejm9AykIlxOUoluUSttw==", "id"=>"5"}
  [1m[36mTask Load (1.1ms)[0m  [1m[34mSELECT  "tasks".* FROM "tasks" WHERE "tasks"."id" = ? LIMIT ?[0m  [["id", 5], ["LIMIT", 1]]
  ↳ app/controllers/tasks_controller.rb:27
  [1m[35m (0.2ms)[0m  [1m[36mbegin transaction[0m
  ↳ app/controllers/tasks_controller.rb:28
  [1m[36mTask Destroy (5.8ms)[0m  [1m[31mDELETE FROM "tasks" WHERE "tasks"."id" = ?[0m  [["id", 5]]
  ↳ app/controllers/tasks_controller.rb:28
  [1m[35m (8.9ms)[0m  [1m[36mcommit transaction[0m
  ↳ app/controllers/tasks_controller.rb:28
Redirected to http://localhost:3000/tasks
Completed 302 Found in 77ms (ActiveRecord: 16.0ms)


Started GET "/tasks" for ::1 at 2022-02-03 02:43:50 +0900
Processing by TasksController#index as HTML
  Rendering tasks/index.html.erb within layouts/application
  [1m[36mTask Load (0.3ms)[0m  [1m[34mSELECT "tasks".* FROM "tasks"[0m
  ↳ app/views/tasks/index.html.erb:11
  Rendered tasks/index.html.erb within layouts/application (6.4ms)
Completed 200 OK in 63ms (Views: 58.0ms | ActiveRecord: 0.3ms)


Started GET "/tasks/new" for ::1 at 2022-02-03 02:43:53 +0900
Processing by TasksController#new as HTML
  Rendering tasks/new.html.erb within layouts/application
  Rendered tasks/new.html.erb within layouts/application (7.3ms)
Completed 200 OK in 108ms (Views: 101.3ms | ActiveRecord: 0.0ms)


Started POST "/tasks" for ::1 at 2022-02-03 02:43:59 +0900
Processing by TasksController#create as HTML
  Parameters: {"utf8"=>"✓", "authenticity_token"=>"1SWHdXb+1S2V4wSTHbULgMb5yShXtkLKOB4r7qA+z5oxPvlwsYAtCp4qgeav7kL33UDlUyDjKCLOYUIaRLqjDQ==", "task"=>{"title"=>"勉強", "limit_date(1i)"=>"2022", "limit_date(2i)"=>"2", "limit_date(3i)"=>"2"}, "commit"=>"Create Task"}
  [1m[35m (0.1ms)[0m  [1m[36mbegin transaction[0m
  ↳ app/controllers/tasks_controller.rb:12
  [1m[36mTask Create (2.3ms)[0m  [1m[32mINSERT INTO "tasks" ("created_at", "updated_at") VALUES (?, ?)[0m  [["created_at", "2022-02-02 17:43:59.785991"], ["updated_at", "2022-02-02 17:43:59.785991"]]
  ↳ app/controllers/tasks_controller.rb:12
  [1m[35m (4.6ms)[0m  [1m[36mcommit transaction[0m
  ↳ app/controllers/tasks_controller.rb:12
Redirected to http://localhost:3000/tasks
Completed 302 Found in 21ms (ActiveRecord: 6.9ms)


Started GET "/tasks" for ::1 at 2022-02-03 02:43:59 +0900
Processing by TasksController#index as HTML
  Rendering tasks/index.html.erb within layouts/application
  [1m[36mTask Load (0.4ms)[0m  [1m[34mSELECT "tasks".* FROM "tasks"[0m
  ↳ app/views/tasks/index.html.erb:11
  Rendered tasks/index.html.erb within layouts/application (7.7ms)
Completed 200 OK in 106ms (Views: 99.9ms | ActiveRecord: 0.4ms)


Started DELETE "/tasks/6" for ::1 at 2022-02-03 02:44:02 +0900
Processing by TasksController#destroy as HTML
  Parameters: {"authenticity_token"=>"qGsFah8fvYqQgz8DyGiSlj6LsV8XPhCJJ68GFczMRk97JY/OSsedjPk+iNNUD1jQCNZXrzpIhpcuQNa6ceZ/eg==", "id"=>"6"}
  [1m[36mTask Load (0.9ms)[0m  [1m[34mSELECT  "tasks".* FROM "tasks" WHERE "tasks"."id" = ? LIMIT ?[0m  [["id", 6], ["LIMIT", 1]]
  ↳ app/controllers/tasks_controller.rb:27
  [1m[35m (0.1ms)[0m  [1m[36mbegin transaction[0m
  ↳ app/controllers/tasks_controller.rb:28
  [1m[36mTask Destroy (4.6ms)[0m  [1m[31mDELETE FROM "tasks" WHERE "tasks"."id" = ?[0m  [["id", 6]]
  ↳ app/controllers/tasks_controller.rb:28
  [1m[35m (9.6ms)[0m  [1m[36mcommit transaction[0m
  ↳ app/controllers/tasks_controller.rb:28
Redirected to http://localhost:3000/tasks
Completed 302 Found in 82ms (ActiveRecord: 15.3ms)


Started GET "/tasks" for ::1 at 2022-02-03 02:44:02 +0900
Processing by TasksController#index as HTML
  Rendering tasks/index.html.erb within layouts/application
  [1m[36mTask Load (0.3ms)[0m  [1m[34mSELECT "tasks".* FROM "tasks"[0m
  ↳ app/views/tasks/index.html.erb:11
  Rendered tasks/index.html.erb within layouts/application (4.7ms)
Completed 200 OK in 76ms (Views: 71.1ms | ActiveRecord: 0.3ms)


Started DELETE "/tasks/4" for ::1 at 2022-02-03 02:44:03 +0900
Processing by TasksController#destroy as HTML
  Parameters: {"authenticity_token"=>"HWaKu/UeH0/BiEizu1IoxJLBdlYwM4RmeIsVyH/XNEnOKAAfoMY/Sag1/2MnNeKCpJyQph1FEnhxZMVnwv0NfA==", "id"=>"4"}
  [1m[36mTask Load (0.9ms)[0m  [1m[34mSELECT  "tasks".* FROM "tasks" WHERE "tasks"."id" = ? LIMIT ?[0m  [["id", 4], ["LIMIT", 1]]
  ↳ app/controllers/tasks_controller.rb:27
  [1m[35m (0.2ms)[0m  [1m[36mbegin transaction[0m
  ↳ app/controllers/tasks_controller.rb:28
  [1m[36mTask Destroy (4.2ms)[0m  [1m[31mDELETE FROM "tasks" WHERE "tasks"."id" = ?[0m  [["id", 4]]
  ↳ app/controllers/tasks_controller.rb:28
  [1m[35m (10.1ms)[0m  [1m[36mcommit transaction[0m
  ↳ app/controllers/tasks_controller.rb:28
Redirected to http://localhost:3000/tasks
Completed 302 Found in 85ms (ActiveRecord: 15.4ms)


Started GET "/tasks" for ::1 at 2022-02-03 02:44:03 +0900
Processing by TasksController#index as HTML
  Rendering tasks/index.html.erb within layouts/application
  [1m[36mTask Load (0.3ms)[0m  [1m[34mSELECT "tasks".* FROM "tasks"[0m
  ↳ app/views/tasks/index.html.erb:11
  Rendered tasks/index.html.erb within layouts/application (5.8ms)
Completed 200 OK in 87ms (Views: 75.1ms | ActiveRecord: 0.3ms)


Started DELETE "/tasks/3" for ::1 at 2022-02-03 02:44:06 +0900
Processing by TasksController#destroy as HTML
  Parameters: {"authenticity_token"=>"GvIYIvnmdixfLnki7BrlbdaR2Snn2hFQ0AxUQtu2JFLJvJKGrD5WKjaTzvJwfS8r4Mw/2cqsh07Z44TtZpwdZw==", "id"=>"3"}
  [1m[36mTask Load (0.9ms)[0m  [1m[34mSELECT  "tasks".* FROM "tasks" WHERE "tasks"."id" = ? LIMIT ?[0m  [["id", 3], ["LIMIT", 1]]
  ↳ app/controllers/tasks_controller.rb:27
  [1m[35m (0.2ms)[0m  [1m[36mbegin transaction[0m
  ↳ app/controllers/tasks_controller.rb:28
  [1m[36mTask Destroy (4.2ms)[0m  [1m[31mDELETE FROM "tasks" WHERE "tasks"."id" = ?[0m  [["id", 3]]
  ↳ app/controllers/tasks_controller.rb:28
  [1m[35m (8.8ms)[0m  [1m[36mcommit transaction[0m
  ↳ app/controllers/tasks_controller.rb:28
Redirected to http://localhost:3000/tasks
Completed 302 Found in 80ms (ActiveRecord: 14.2ms)


Started GET "/tasks" for ::1 at 2022-02-03 02:44:06 +0900
Processing by TasksController#index as HTML
  Rendering tasks/index.html.erb within layouts/application
  [1m[36mTask Load (0.2ms)[0m  [1m[34mSELECT "tasks".* FROM "tasks"[0m
  ↳ app/views/tasks/index.html.erb:11
  Rendered tasks/index.html.erb within layouts/application (3.0ms)
Completed 200 OK in 114ms (Views: 109.9ms | ActiveRecord: 0.2ms)


Started GET "/tasks/new" for ::1 at 2022-02-03 02:44:07 +0900
Processing by TasksController#new as HTML
  Rendering tasks/new.html.erb within layouts/application
  Rendered tasks/new.html.erb within layouts/application (5.7ms)
Completed 200 OK in 127ms (Views: 120.6ms | ActiveRecord: 0.0ms)


Started POST "/tasks" for ::1 at 2022-02-03 02:44:13 +0900
Processing by TasksController#create as HTML
  Parameters: {"utf8"=>"✓", "authenticity_token"=>"IGy2s0E2+Oe6iTxdSpJUCVohJXYFSWVmiUQ7XVYdXcHEd8i2hkgAwLFAuSj4yR1+QZgJDXIcD45/O1KpspkxVg==", "task"=>{"title"=>"勉強", "limit_date(1i)"=>"2022", "limit_date(2i)"=>"2", "limit_date(3i)"=>"2"}, "commit"=>"Create Task"}
  [1m[35m (0.1ms)[0m  [1m[36mbegin transaction[0m
  ↳ app/controllers/tasks_controller.rb:12
  [1m[36mTask Create (4.8ms)[0m  [1m[32mINSERT INTO "tasks" ("created_at", "updated_at") VALUES (?, ?)[0m  [["created_at", "2022-02-02 17:44:13.691668"], ["updated_at", "2022-02-02 17:44:13.691668"]]
  ↳ app/controllers/tasks_controller.rb:12
  [1m[35m (13.4ms)[0m  [1m[36mcommit transaction[0m
  ↳ app/controllers/tasks_controller.rb:12
Redirected to http://localhost:3000/tasks
Completed 302 Found in 61ms (ActiveRecord: 18.4ms)


Started GET "/tasks" for ::1 at 2022-02-03 02:44:13 +0900
Processing by TasksController#index as HTML
  Rendering tasks/index.html.erb within layouts/application
  [1m[36mTask Load (0.3ms)[0m  [1m[34mSELECT "tasks".* FROM "tasks"[0m
  ↳ app/views/tasks/index.html.erb:11
  Rendered tasks/index.html.erb within layouts/application (3.9ms)
Completed 200 OK in 61ms (Views: 56.2ms | ActiveRecord: 0.3ms)


Started DELETE "/tasks/7" for ::1 at 2022-02-03 02:44:15 +0900
Processing by TasksController#destroy as HTML
  Parameters: {"authenticity_token"=>"rX6SL2tTzT+k0hycl7PF5lYhlTxBtThespQF83XDu9t+MBiLPovtOc1vq0wL1A+gYHxzzGzDrkC7e9VcyOmC7g==", "id"=>"7"}
  [1m[36mTask Load (0.8ms)[0m  [1m[34mSELECT  "tasks".* FROM "tasks" WHERE "tasks"."id" = ? LIMIT ?[0m  [["id", 7], ["LIMIT", 1]]
  ↳ app/controllers/tasks_controller.rb:27
  [1m[35m (0.2ms)[0m  [1m[36mbegin transaction[0m
  ↳ app/controllers/tasks_controller.rb:28
  [1m[36mTask Destroy (4.5ms)[0m  [1m[31mDELETE FROM "tasks" WHERE "tasks"."id" = ?[0m  [["id", 7]]
  ↳ app/controllers/tasks_controller.rb:28
  [1m[35m (13.3ms)[0m  [1m[36mcommit transaction[0m
  ↳ app/controllers/tasks_controller.rb:28
Redirected to http://localhost:3000/tasks
Completed 302 Found in 139ms (ActiveRecord: 18.7ms)


Started GET "/tasks" for ::1 at 2022-02-03 02:44:15 +0900
Processing by TasksController#index as HTML
  Rendering tasks/index.html.erb within layouts/application
  [1m[36mTask Load (0.2ms)[0m  [1m[34mSELECT "tasks".* FROM "tasks"[0m
  ↳ app/views/tasks/index.html.erb:11
  Rendered tasks/index.html.erb within layouts/application (3.0ms)
Completed 200 OK in 56ms (Views: 50.3ms | ActiveRecord: 0.2ms)


Started GET "/tasks/new" for ::1 at 2022-02-03 02:44:21 +0900
Processing by TasksController#new as HTML
  Rendering tasks/new.html.erb within layouts/application
  Rendered tasks/new.html.erb within layouts/application (6.4ms)
Completed 200 OK in 157ms (Views: 148.0ms | ActiveRecord: 0.0ms)


Started POST "/tasks" for ::1 at 2022-02-03 02:44:23 +0900
Processing by TasksController#create as HTML
  Parameters: {"utf8"=>"✓", "authenticity_token"=>"qPC1YAGotNf/dp1NU/jxNi3fsdb/SqKGcCrVbxoOVdlM68tlxtZM8PS/GDjho7hBNmadrYgfyG6GVbyb/oo5Tg==", "task"=>{"title"=>"", "limit_date(1i)"=>"2022", "limit_date(2i)"=>"2", "limit_date(3i)"=>"2"}, "commit"=>"Create Task"}
  [1m[35m (0.1ms)[0m  [1m[36mbegin transaction[0m
  ↳ app/controllers/tasks_controller.rb:12
  [1m[36mTask Create (2.3ms)[0m  [1m[32mINSERT INTO "tasks" ("created_at", "updated_at") VALUES (?, ?)[0m  [["created_at", "2022-02-02 17:44:23.297267"], ["updated_at", "2022-02-02 17:44:23.297267"]]
  ↳ app/controllers/tasks_controller.rb:12
  [1m[35m (4.3ms)[0m  [1m[36mcommit transaction[0m
  ↳ app/controllers/tasks_controller.rb:12
Redirected to http://localhost:3000/tasks
Completed 302 Found in 29ms (ActiveRecord: 6.7ms)


Started GET "/tasks" for ::1 at 2022-02-03 02:44:23 +0900
Processing by TasksController#index as HTML
  Rendering tasks/index.html.erb within layouts/application
  [1m[36mTask Load (0.4ms)[0m  [1m[34mSELECT "tasks".* FROM "tasks"[0m
  ↳ app/views/tasks/index.html.erb:11
  Rendered tasks/index.html.erb within layouts/application (3.7ms)
Completed 200 OK in 63ms (Views: 58.4ms | ActiveRecord: 0.4ms)


Started GET "/tasks/8/edit" for ::1 at 2022-02-03 02:44:25 +0900
Processing by TasksController#edit as HTML
  Parameters: {"id"=>"8"}
  [1m[36mTask Load (0.4ms)[0m  [1m[34mSELECT  "tasks".* FROM "tasks" WHERE "tasks"."id" = ? LIMIT ?[0m  [["id", 8], ["LIMIT", 1]]
  ↳ app/controllers/tasks_controller.rb:17
  Rendering tasks/edit.html.erb within layouts/application
  Rendered tasks/edit.html.erb within layouts/application (1.3ms)
Completed 200 OK in 52ms (Views: 43.4ms | ActiveRecord: 0.4ms)


Started GET "/tasks" for ::1 at 2022-02-03 02:44:29 +0900
Processing by TasksController#index as HTML
  Rendering tasks/index.html.erb within layouts/application
  [1m[36mTask Load (0.3ms)[0m  [1m[34mSELECT "tasks".* FROM "tasks"[0m
  ↳ app/views/tasks/index.html.erb:11
  Rendered tasks/index.html.erb within layouts/application (8.8ms)
Completed 200 OK in 174ms (Views: 169.7ms | ActiveRecord: 0.3ms)


Started GET "/tasks" for ::1 at 2022-02-03 02:45:11 +0900
Processing by TasksController#index as HTML
  Rendering tasks/index.html.erb within layouts/application
  [1m[36mTask Load (0.7ms)[0m  [1m[34mSELECT "tasks".* FROM "tasks"[0m
  ↳ app/views/tasks/index.html.erb:11
  Rendered tasks/index.html.erb within layouts/application (22.2ms)
Completed 200 OK in 121ms (Views: 94.1ms | ActiveRecord: 2.9ms)


Started GET "/tasks/new" for ::1 at 2022-02-03 02:45:13 +0900
Processing by TasksController#new as HTML
  Rendering tasks/new.html.erb within layouts/application
  Rendered tasks/new.html.erb within layouts/application (8.3ms)
Completed 200 OK in 176ms (Views: 165.0ms | ActiveRecord: 0.0ms)


Started POST "/tasks" for ::1 at 2022-02-03 02:45:14 +0900
Processing by TasksController#create as HTML
  Parameters: {"utf8"=>"✓", "authenticity_token"=>"/LcYOxfEfkx/u786jOqDtydIqsgmRCKk/YxlreL4OxsYrGY+0LqGa3RyOk8+scrAPPGGs1ERSEwL8wxZBnxXjA==", "task"=>{"title"=>"", "limit_date(1i)"=>"2022", "limit_date(2i)"=>"2", "limit_date(3i)"=>"2"}, "commit"=>"Create Task"}
Completed 500 Internal Server Error in 2ms (ActiveRecord: 0.0ms)


  
ArgumentError (wrong number of arguments (given 1, expected 0)):
  
app/controllers/tasks_controller.rb:33:in `task_params'
app/controllers/tasks_controller.rb:11:in `create'
Started POST "/tasks" for ::1 at 2022-02-03 02:48:29 +0900
Processing by TasksController#create as HTML
  Parameters: {"utf8"=>"✓", "authenticity_token"=>"/LcYOxfEfkx/u786jOqDtydIqsgmRCKk/YxlreL4OxsYrGY+0LqGa3RyOk8+scrAPPGGs1ERSEwL8wxZBnxXjA==", "task"=>{"title"=>"", "limit_date(1i)"=>"2022", "limit_date(2i)"=>"2", "limit_date(3i)"=>"2"}, "commit"=>"Create Task"}
  [1m[35m (0.2ms)[0m  [1m[36mbegin transaction[0m
  ↳ app/controllers/tasks_controller.rb:11
  [1m[36mTask Create (4.9ms)[0m  [1m[32mINSERT INTO "tasks" ("title", "limit_date", "created_at", "updated_at") VALUES (?, ?, ?, ?)[0m  [["title", ""], ["limit_date", "2022-02-02"], ["created_at", "2022-02-02 17:48:29.967532"], ["updated_at", "2022-02-02 17:48:29.967532"]]
  ↳ app/controllers/tasks_controller.rb:11
  [1m[35m (7.1ms)[0m  [1m[36mcommit transaction[0m
  ↳ app/controllers/tasks_controller.rb:11
Redirected to http://localhost:3000/tasks
Completed 302 Found in 115ms (ActiveRecord: 19.1ms)


Started GET "/tasks" for ::1 at 2022-02-03 02:48:30 +0900
Processing by TasksController#index as HTML
  Rendering tasks/index.html.erb within layouts/application
  [1m[36mTask Load (0.4ms)[0m  [1m[34mSELECT "tasks".* FROM "tasks"[0m
  ↳ app/views/tasks/index.html.erb:11
  Rendered tasks/index.html.erb within layouts/application (4.0ms)
Completed 200 OK in 63ms (Views: 58.4ms | ActiveRecord: 0.4ms)


Started GET "/tasks" for ::1 at 2022-02-03 02:56:02 +0900
Processing by TasksController#index as HTML
  Rendering tasks/index.html.erb within layouts/application
  [1m[36mTask Load (0.6ms)[0m  [1m[34mSELECT "tasks".* FROM "tasks"[0m
  ↳ app/views/tasks/index.html.erb:11
  Rendered tasks/index.html.erb within layouts/application (33.2ms)
Completed 200 OK in 138ms (Views: 109.7ms | ActiveRecord: 4.0ms)


Started GET "/tasks/new" for ::1 at 2022-02-03 02:56:04 +0900
Processing by TasksController#new as HTML
  Rendering tasks/new.html.erb within layouts/application
  Rendered tasks/new.html.erb within layouts/application (8.8ms)
Completed 200 OK in 141ms (Views: 133.6ms | ActiveRecord: 0.0ms)


Started POST "/tasks" for ::1 at 2022-02-03 02:56:05 +0900
Processing by TasksController#create as HTML
  Parameters: {"utf8"=>"✓", "authenticity_token"=>"8MhmPfA3xbZSoLsdbSplBxmtw5ryDFBbETfVsEPSJg8U0xg4N0k9kVlpPmjfcSxwAhTv4YVZOrPnSLxEp1ZKmA==", "task"=>{"title"=>"", "limit_date(1i)"=>"2022", "limit_date(2i)"=>"2", "limit_date(3i)"=>"2"}, "commit"=>"Create Task"}
  [1m[35m (0.1ms)[0m  [1m[36mbegin transaction[0m
  ↳ app/controllers/tasks_controller.rb:11
  [1m[35m (0.1ms)[0m  [1m[31mrollback transaction[0m
  ↳ app/controllers/tasks_controller.rb:11
Redirected to http://localhost:3000/tasks
Completed 302 Found in 22ms (ActiveRecord: 0.2ms)


Started GET "/tasks" for ::1 at 2022-02-03 02:56:06 +0900
Processing by TasksController#index as HTML
  Rendering tasks/index.html.erb within layouts/application
  [1m[36mTask Load (0.8ms)[0m  [1m[34mSELECT "tasks".* FROM "tasks"[0m
  ↳ app/views/tasks/index.html.erb:11
  Rendered tasks/index.html.erb within layouts/application (13.6ms)
Completed 200 OK in 197ms (Views: 188.5ms | ActiveRecord: 0.8ms)


Started DELETE "/tasks/9" for ::1 at 2022-02-03 02:56:09 +0900
Processing by TasksController#destroy as HTML
  Parameters: {"authenticity_token"=>"oGtSArr8T7GoPikM6stTMVResQRvpuuxM/une6DMMo9zJdim7yRvt8GDntx2rJl3YgNX9ELQfa86FHfUHeYLug==", "id"=>"9"}
  [1m[36mTask Load (0.7ms)[0m  [1m[34mSELECT  "tasks".* FROM "tasks" WHERE "tasks"."id" = ? LIMIT ?[0m  [["id", 9], ["LIMIT", 1]]
  ↳ app/controllers/tasks_controller.rb:26
  [1m[35m (0.1ms)[0m  [1m[36mbegin transaction[0m
  ↳ app/controllers/tasks_controller.rb:27
  [1m[36mTask Destroy (3.1ms)[0m  [1m[31mDELETE FROM "tasks" WHERE "tasks"."id" = ?[0m  [["id", 9]]
  ↳ app/controllers/tasks_controller.rb:27
  [1m[35m (7.4ms)[0m  [1m[36mcommit transaction[0m
  ↳ app/controllers/tasks_controller.rb:27
Redirected to http://localhost:3000/tasks
Completed 302 Found in 42ms (ActiveRecord: 11.2ms)


Started GET "/tasks" for ::1 at 2022-02-03 02:56:10 +0900
Processing by TasksController#index as HTML
  Rendering tasks/index.html.erb within layouts/application
  [1m[36mTask Load (0.2ms)[0m  [1m[34mSELECT "tasks".* FROM "tasks"[0m
  ↳ app/views/tasks/index.html.erb:11
  Rendered tasks/index.html.erb within layouts/application (4.1ms)
Completed 200 OK in 57ms (Views: 51.6ms | ActiveRecord: 0.2ms)


Started GET "/tasks/new" for ::1 at 2022-02-03 02:56:11 +0900
Processing by TasksController#new as HTML
  Rendering tasks/new.html.erb within layouts/application
  Rendered tasks/new.html.erb within layouts/application (4.2ms)
Completed 200 OK in 101ms (Views: 95.3ms | ActiveRecord: 0.0ms)


Started POST "/tasks" for ::1 at 2022-02-03 02:56:13 +0900
Processing by TasksController#create as HTML
  Parameters: {"utf8"=>"✓", "authenticity_token"=>"qMBzC8JxefnxkBoLrDurNNxMy2/AYEnG+2vfgVp215BM2w0OBQ+B3vpZn34eYOJDx/XnFLc1Iy4NFLZ1vvK7Bw==", "task"=>{"title"=>"", "limit_date(1i)"=>"2022", "limit_date(2i)"=>"2", "limit_date(3i)"=>"2"}, "commit"=>"Create Task"}
  [1m[35m (0.2ms)[0m  [1m[36mbegin transaction[0m
  ↳ app/controllers/tasks_controller.rb:11
  [1m[35m (0.2ms)[0m  [1m[31mrollback transaction[0m
  ↳ app/controllers/tasks_controller.rb:11
Redirected to http://localhost:3000/tasks
Completed 302 Found in 96ms (ActiveRecord: 0.4ms)


Started GET "/tasks" for ::1 at 2022-02-03 02:56:13 +0900
Processing by TasksController#index as HTML
  Rendering tasks/index.html.erb within layouts/application
  [1m[36mTask Load (0.8ms)[0m  [1m[34mSELECT "tasks".* FROM "tasks"[0m
  ↳ app/views/tasks/index.html.erb:11
  Rendered tasks/index.html.erb within layouts/application (21.4ms)
Completed 200 OK in 247ms (Views: 235.1ms | ActiveRecord: 0.8ms)


Started DELETE "/tasks/8" for ::1 at 2022-02-03 02:56:23 +0900
Processing by TasksController#destroy as HTML
  Parameters: {"authenticity_token"=>"Nu9/mkNspnM4CLVlQawYXgRbGkK/gICZ0qoEK3UJS4TlofU+FrSGdVG1ArXdy9IYMgb8spL2FofbRdSEyCNysQ==", "id"=>"8"}
  [1m[36mTask Load (0.8ms)[0m  [1m[34mSELECT  "tasks".* FROM "tasks" WHERE "tasks"."id" = ? LIMIT ?[0m  [["id", 8], ["LIMIT", 1]]
  ↳ app/controllers/tasks_controller.rb:26
  [1m[35m (0.2ms)[0m  [1m[36mbegin transaction[0m
  ↳ app/controllers/tasks_controller.rb:27
  [1m[36mTask Destroy (4.6ms)[0m  [1m[31mDELETE FROM "tasks" WHERE "tasks"."id" = ?[0m  [["id", 8]]
  ↳ app/controllers/tasks_controller.rb:27
  [1m[35m (9.8ms)[0m  [1m[36mcommit transaction[0m
  ↳ app/controllers/tasks_controller.rb:27
Redirected to http://localhost:3000/tasks
Completed 302 Found in 82ms (ActiveRecord: 15.4ms)


Started GET "/tasks" for ::1 at 2022-02-03 02:56:23 +0900
Processing by TasksController#index as HTML
  Rendering tasks/index.html.erb within layouts/application
  [1m[36mTask Load (0.3ms)[0m  [1m[34mSELECT "tasks".* FROM "tasks"[0m
  ↳ app/views/tasks/index.html.erb:11
  Rendered tasks/index.html.erb within layouts/application (3.4ms)
Completed 200 OK in 60ms (Views: 55.5ms | ActiveRecord: 0.3ms)


Started GET "/tasks/new" for ::1 at 2022-02-03 02:56:25 +0900
Processing by TasksController#new as HTML
  Rendering tasks/new.html.erb within layouts/application
  Rendered tasks/new.html.erb within layouts/application (7.4ms)
Completed 200 OK in 180ms (Views: 172.8ms | ActiveRecord: 0.0ms)


Started POST "/tasks" for ::1 at 2022-02-03 02:56:26 +0900
Processing by TasksController#create as HTML
  Parameters: {"utf8"=>"✓", "authenticity_token"=>"F+nz6N0EjWW8qs7VS9uhFmRSTZyhhwTxUASj+JSMD1/z8o3tGnp1QrdjS6D5gOhhf+th59bSbhmme8oMcAhjyA==", "task"=>{"title"=>"", "limit_date(1i)"=>"2022", "limit_date(2i)"=>"2", "limit_date(3i)"=>"2"}, "commit"=>"Create Task"}
  [1m[35m (0.3ms)[0m  [1m[36mbegin transaction[0m
  ↳ app/controllers/tasks_controller.rb:11
  [1m[35m (0.2ms)[0m  [1m[31mrollback transaction[0m
  ↳ app/controllers/tasks_controller.rb:11
Redirected to http://localhost:3000/tasks
Completed 302 Found in 51ms (ActiveRecord: 0.5ms)


Started GET "/tasks" for ::1 at 2022-02-03 02:56:27 +0900
Processing by TasksController#index as HTML
  Rendering tasks/index.html.erb within layouts/application
  [1m[36mTask Load (1.0ms)[0m  [1m[34mSELECT "tasks".* FROM "tasks"[0m
  ↳ app/views/tasks/index.html.erb:11
  Rendered tasks/index.html.erb within layouts/application (15.2ms)
Completed 200 OK in 180ms (Views: 168.2ms | ActiveRecord: 1.0ms)


Started GET "/tasks/new" for ::1 at 2022-02-03 02:56:28 +0900
Processing by TasksController#new as HTML
  Rendering tasks/new.html.erb within layouts/application
  Rendered tasks/new.html.erb within layouts/application (3.4ms)
Completed 200 OK in 138ms (Views: 133.1ms | ActiveRecord: 0.0ms)


Started POST "/tasks" for ::1 at 2022-02-03 02:56:34 +0900
Processing by TasksController#create as HTML
  Parameters: {"utf8"=>"✓", "authenticity_token"=>"4KLiVpF46+xgaVpUzZNqPRt5x1LbGQIt9TwnhhmX/yoEuZxTVgYTy2ug3yF/yCNKAMDrKaxMaMUDQ05y/ROTvQ==", "task"=>{"title"=>"勉強", "limit_date(1i)"=>"2022", "limit_date(2i)"=>"2", "limit_date(3i)"=>"2"}, "commit"=>"Create Task"}
  [1m[35m (0.1ms)[0m  [1m[36mbegin transaction[0m
  ↳ app/controllers/tasks_controller.rb:11
  [1m[36mTask Create (4.7ms)[0m  [1m[32mINSERT INTO "tasks" ("title", "limit_date", "created_at", "updated_at") VALUES (?, ?, ?, ?)[0m  [["title", "勉強"], ["limit_date", "2022-02-02"], ["created_at", "2022-02-02 17:56:34.704505"], ["updated_at", "2022-02-02 17:56:34.704505"]]
  ↳ app/controllers/tasks_controller.rb:11
  [1m[35m (11.4ms)[0m  [1m[36mcommit transaction[0m
  ↳ app/controllers/tasks_controller.rb:11
Redirected to http://localhost:3000/tasks
Completed 302 Found in 94ms (ActiveRecord: 16.3ms)


Started GET "/tasks" for ::1 at 2022-02-03 02:56:34 +0900
Processing by TasksController#index as HTML
  Rendering tasks/index.html.erb within layouts/application
  [1m[36mTask Load (0.8ms)[0m  [1m[34mSELECT "tasks".* FROM "tasks"[0m
  ↳ app/views/tasks/index.html.erb:11
  Rendered tasks/index.html.erb within layouts/application (9.8ms)
Completed 200 OK in 76ms (Views: 64.9ms | ActiveRecord: 0.8ms)


